<?xml version="1.0" encoding="UTF-8"?>
<testsuite name="com.laozhang.demo.DemoApplicationTests" tests="1" skipped="0" failures="0" errors="0" timestamp="2020-06-10T10:53:53" hostname="LaoZhang-max" time="0.172">
  <properties/>
  <testcase name="contextLoads()" classname="com.laozhang.demo.DemoApplicationTests" time="0.172"/>
  <system-out><![CDATA[18:53:50.315 [Test worker] DEBUG org.springframework.test.context.BootstrapUtils - Instantiating CacheAwareContextLoaderDelegate from class [org.springframework.test.context.cache.DefaultCacheAwareContextLoaderDelegate]
18:53:50.327 [Test worker] DEBUG org.springframework.test.context.BootstrapUtils - Instantiating BootstrapContext using constructor [public org.springframework.test.context.support.DefaultBootstrapContext(java.lang.Class,org.springframework.test.context.CacheAwareContextLoaderDelegate)]
18:53:50.351 [Test worker] DEBUG org.springframework.test.context.BootstrapUtils - Instantiating TestContextBootstrapper for test class [com.laozhang.demo.DemoApplicationTests] from class [org.springframework.boot.test.context.SpringBootTestContextBootstrapper]
18:53:50.366 [Test worker] INFO org.springframework.boot.test.context.SpringBootTestContextBootstrapper - Neither @ContextConfiguration nor @ContextHierarchy found for test class [com.laozhang.demo.DemoApplicationTests], using SpringBootContextLoader
18:53:50.369 [Test worker] DEBUG org.springframework.test.context.support.AbstractContextLoader - Did not detect default resource location for test class [com.laozhang.demo.DemoApplicationTests]: class path resource [com/laozhang/demo/DemoApplicationTests-context.xml] does not exist
18:53:50.369 [Test worker] DEBUG org.springframework.test.context.support.AbstractContextLoader - Did not detect default resource location for test class [com.laozhang.demo.DemoApplicationTests]: class path resource [com/laozhang/demo/DemoApplicationTestsContext.groovy] does not exist
18:53:50.370 [Test worker] INFO org.springframework.test.context.support.AbstractContextLoader - Could not detect default resource locations for test class [com.laozhang.demo.DemoApplicationTests]: no resource found for suffixes {-context.xml, Context.groovy}.
18:53:50.370 [Test worker] INFO org.springframework.test.context.support.AnnotationConfigContextLoaderUtils - Could not detect default configuration classes for test class [com.laozhang.demo.DemoApplicationTests]: DemoApplicationTests does not declare any static, non-private, non-final, nested classes annotated with @Configuration.
18:53:50.407 [Test worker] DEBUG org.springframework.test.context.support.ActiveProfilesUtils - Could not find an 'annotation declaring class' for annotation type [org.springframework.test.context.ActiveProfiles] and class [com.laozhang.demo.DemoApplicationTests]
18:53:50.468 [Test worker] DEBUG org.springframework.context.annotation.ClassPathScanningCandidateComponentProvider - Identified candidate component class: file [G:\IDEA_wpl\lzdemo\build\classes\java\main\com\laozhang\demo\DemoApplication.class]
18:53:50.470 [Test worker] INFO org.springframework.boot.test.context.SpringBootTestContextBootstrapper - Found @SpringBootConfiguration com.laozhang.demo.DemoApplication for test class com.laozhang.demo.DemoApplicationTests
18:53:50.592 [Test worker] DEBUG org.springframework.boot.test.context.SpringBootTestContextBootstrapper - @TestExecutionListeners is not present for class [com.laozhang.demo.DemoApplicationTests]: using defaults.
18:53:50.593 [Test worker] INFO org.springframework.boot.test.context.SpringBootTestContextBootstrapper - Loaded default TestExecutionListener class names from location [META-INF/spring.factories]: [org.springframework.security.test.context.support.WithSecurityContextTestExecutionListener, org.springframework.security.test.context.support.ReactorContextTestExecutionListener, org.springframework.boot.test.autoconfigure.restdocs.RestDocsTestExecutionListener, org.springframework.boot.test.autoconfigure.web.client.MockRestServiceServerResetTestExecutionListener, org.springframework.boot.test.autoconfigure.web.servlet.MockMvcPrintOnlyOnFailureTestExecutionListener, org.springframework.boot.test.autoconfigure.web.servlet.WebDriverTestExecutionListener, org.springframework.boot.test.autoconfigure.webservices.client.MockWebServiceServerTestExecutionListener, org.springframework.boot.test.mock.mockito.MockitoTestExecutionListener, org.springframework.boot.test.mock.mockito.ResetMocksTestExecutionListener, org.springframework.test.context.web.ServletTestExecutionListener, org.springframework.test.context.support.DirtiesContextBeforeModesTestExecutionListener, org.springframework.test.context.support.DependencyInjectionTestExecutionListener, org.springframework.test.context.support.DirtiesContextTestExecutionListener, org.springframework.test.context.transaction.TransactionalTestExecutionListener, org.springframework.test.context.jdbc.SqlScriptsTestExecutionListener, org.springframework.test.context.event.EventPublishingTestExecutionListener]
18:53:50.611 [Test worker] INFO org.springframework.boot.test.context.SpringBootTestContextBootstrapper - Using TestExecutionListeners: [org.springframework.test.context.web.ServletTestExecutionListener@4e909343, org.springframework.test.context.support.DirtiesContextBeforeModesTestExecutionListener@73217cd6, org.springframework.boot.test.mock.mockito.MockitoTestExecutionListener@2174e504, org.springframework.boot.test.autoconfigure.SpringBootDependencyInjectionTestExecutionListener@7c2153c5, org.springframework.test.context.support.DirtiesContextTestExecutionListener@3661cd89, org.springframework.test.context.transaction.TransactionalTestExecutionListener@4eded05f, org.springframework.test.context.jdbc.SqlScriptsTestExecutionListener@48045045, org.springframework.security.test.context.support.WithSecurityContextTestExecutionListener@3e4d9dfb, org.springframework.test.context.event.EventPublishingTestExecutionListener@6f8023e, org.springframework.security.test.context.support.ReactorContextTestExecutionListener@3e9c7696, org.springframework.boot.test.autoconfigure.restdocs.RestDocsTestExecutionListener@54708f78, org.springframework.boot.test.autoconfigure.web.client.MockRestServiceServerResetTestExecutionListener@6006248, org.springframework.boot.test.autoconfigure.web.servlet.MockMvcPrintOnlyOnFailureTestExecutionListener@402f6944, org.springframework.boot.test.autoconfigure.web.servlet.WebDriverTestExecutionListener@1dda8f11, org.springframework.boot.test.autoconfigure.webservices.client.MockWebServiceServerTestExecutionListener@4d01d89d, org.springframework.boot.test.mock.mockito.ResetMocksTestExecutionListener@4896e157]
18:53:50.614 [Test worker] DEBUG org.springframework.test.context.support.AbstractDirtiesContextTestExecutionListener - Before test class: context [DefaultTestContext@4cb820b testClass = DemoApplicationTests, testInstance = [null], testMethod = [null], testException = [null], mergedContextConfiguration = [WebMergedContextConfiguration@2e9b3c3a testClass = DemoApplicationTests, locations = '{}', classes = '{class com.laozhang.demo.DemoApplication}', contextInitializerClasses = '[]', activeProfiles = '{}', propertySourceLocations = '{}', propertySourceProperties = '{org.springframework.boot.test.context.SpringBootTestContextBootstrapper=true}', contextCustomizers = set[org.springframework.boot.test.autoconfigure.properties.PropertyMappingContextCustomizer@0, org.springframework.boot.test.autoconfigure.web.servlet.WebDriverContextCustomizerFactory$Customizer@6c2bbaae, org.springframework.boot.test.context.filter.ExcludeFilterContextCustomizer@28a92deb, org.springframework.boot.test.json.DuplicateJsonObjectContextCustomizerFactory$DuplicateJsonObjectContextCustomizer@5b90c075, org.springframework.boot.test.mock.mockito.MockitoContextCustomizer@0, org.springframework.boot.test.web.client.TestRestTemplateContextCustomizer@7a0eb139, org.springframework.boot.test.context.SpringBootTestArgs@1], resourceBasePath = 'src/main/webapp', contextLoader = 'org.springframework.boot.test.context.SpringBootContextLoader', parent = [null]], attributes = map['org.springframework.test.context.web.ServletTestExecutionListener.activateListener' -> true]], class annotated with @DirtiesContext [false] with mode [null].
18:53:50.635 [Test worker] DEBUG org.springframework.test.context.support.TestPropertySourceUtils - Adding inlined properties to environment: {spring.jmx.enabled=false, org.springframework.boot.test.context.SpringBootTestContextBootstrapper=true}

  .   ____          _            __ _ _
 /\\ / ___'_ __ _ _(_)_ __  __ _ \ \ \ \
( ( )\___ | '_ | '_| | '_ \/ _` | \ \ \ \
 \\/  ___)| |_)| | | | | || (_| |  ) ) ) )
  '  |____| .__|_| |_|_| |_\__, | / / / /
 =========|_|==============|___/=/_/_/_/
 :: Spring Boot ::        (v2.3.0.RELEASE)

2020-06-10 18:53:50.889  INFO 3080 --- [    Test worker] com.laozhang.demo.DemoApplicationTests   : Starting DemoApplicationTests on LaoZhang-max with PID 3080 (started by laozhang in G:\IDEA_wpl\lzdemo)
2020-06-10 18:53:50.891  INFO 3080 --- [    Test worker] com.laozhang.demo.DemoApplicationTests   : No active profile set, falling back to default profiles: default
2020-06-10 18:53:52.410  INFO 3080 --- [    Test worker] o.s.s.concurrent.ThreadPoolTaskExecutor  : Initializing ExecutorService 'applicationTaskExecutor'
2020-06-10 18:53:52.961  INFO 3080 --- [    Test worker] .s.s.UserDetailsServiceAutoConfiguration : 

Using generated security password: 7adb9e9c-81b9-4501-a165-d37991133486

2020-06-10 18:53:53.216  INFO 3080 --- [    Test worker] o.s.s.web.DefaultSecurityFilterChain     : Creating filter chain: any request, [org.springframework.security.web.context.request.async.WebAsyncManagerIntegrationFilter@1650a561, org.springframework.security.web.context.SecurityContextPersistenceFilter@1579f8e9, org.springframework.security.web.header.HeaderWriterFilter@7fcfc0c8, org.springframework.security.web.csrf.CsrfFilter@19bf173f, org.springframework.security.web.authentication.logout.LogoutFilter@2fc0b645, org.springframework.security.web.authentication.UsernamePasswordAuthenticationFilter@bc020d1, org.springframework.security.web.authentication.ui.DefaultLoginPageGeneratingFilter@3c36c025, org.springframework.security.web.authentication.ui.DefaultLogoutPageGeneratingFilter@7490ead6, org.springframework.security.web.authentication.www.BasicAuthenticationFilter@3e037e60, org.springframework.security.web.savedrequest.RequestCacheAwareFilter@324ddc60, org.springframework.security.web.servletapi.SecurityContextHolderAwareRequestFilter@77ca7f50, org.springframework.security.web.authentication.AnonymousAuthenticationFilter@588d1688, org.springframework.security.web.session.SessionManagementFilter@3df48edc, org.springframework.security.web.access.ExceptionTranslationFilter@363f4973, org.springframework.security.web.access.intercept.FilterSecurityInterceptor@4327f284]
2020-06-10 18:53:53.434  INFO 3080 --- [    Test worker] o.s.b.a.e.web.EndpointLinksResolver      : Exposing 2 endpoint(s) beneath base path '/actuator'
2020-06-10 18:53:53.507  INFO 3080 --- [    Test worker] com.laozhang.demo.DemoApplicationTests   : Started DemoApplicationTests in 2.865 seconds (JVM running for 4.53)
]]></system-out>
  <system-err><![CDATA[]]></system-err>
</testsuite>
